<?xml version="1.0" encoding="UTF-8"?>
<testsuite xmlns:xsi="http://www.w3.org/2001/XMLSchema-instance" xsi:noNamespaceSchemaLocation="https://maven.apache.org/surefire/maven-surefire-plugin/xsd/surefire-test-report.xsd" name="cumcumber.options.TestRunner" time="23.313" tests="5" errors="0" skipped="0" failures="0">
  <properties>
[...]
</properties>
  <testcase name="Given DeletePlace Payload" classname="Scenario: " time="0"/>
  <testcase name="When User calls &quot;DeletePlaceAPI&quot; with &quot;POST&quot; http request" classname="Scenario: " time="0"/>
  <testcase name="Then The API call us success with status code 200" classname="Scenario: " time="0"/>
  <testcase name="And &quot;status&quot; in response body is &quot;OK&quot;" classname="Scenario: " time="0"/>
  <testcase name="Scenario: " classname="Scenario: " time="0.001"/>
</testsuite>